INFO - 2024-01-14 08:07:09 --> Session: Class initialized using 'CodeIgniter\Session\Handlers\FileHandler' driver.
INFO - 2024-01-14 08:07:14 --> Session: Class initialized using 'CodeIgniter\Session\Handlers\FileHandler' driver.
INFO - 2024-01-14 08:07:14 --> Session: Class initialized using 'CodeIgniter\Session\Handlers\FileHandler' driver.
WARNING - 2024-01-14 08:07:14 --> [DEPRECATED] number_format(): Passing null to parameter #1 ($num) of type float is deprecated in APPPATH\Controllers\admin\Dashboard.php on line 101.
 1 APPPATH\Controllers\admin\Dashboard.php(101): number_format(null, 0, ',', '.')
 2 SYSTEMPATH\CodeIgniter.php(919): App\Controllers\Admin\Dashboard->index()
 3 SYSTEMPATH\CodeIgniter.php(494): CodeIgniter\CodeIgniter->runController(Object(App\Controllers\Admin\Dashboard))
 4 SYSTEMPATH\CodeIgniter.php(353): CodeIgniter\CodeIgniter->handleRequest(null, Object(Config\Cache), false)
 5 FCPATH\index.php(79): CodeIgniter\CodeIgniter->run()
 6 SYSTEMPATH\Commands\Server\rewrite.php(47): require_once('C:\\xampp\\htdocs\\dragon\\public\\index.php')
INFO - 2024-01-14 08:07:19 --> Session: Class initialized using 'CodeIgniter\Session\Handlers\FileHandler' driver.
INFO - 2024-01-14 08:07:37 --> Session: Class initialized using 'CodeIgniter\Session\Handlers\FileHandler' driver.
INFO - 2024-01-14 08:07:37 --> Session: Class initialized using 'CodeIgniter\Session\Handlers\FileHandler' driver.
INFO - 2024-01-14 08:07:56 --> Session: Class initialized using 'CodeIgniter\Session\Handlers\FileHandler' driver.
INFO - 2024-01-14 08:07:56 --> Session: Class initialized using 'CodeIgniter\Session\Handlers\FileHandler' driver.
INFO - 2024-01-14 08:08:04 --> Session: Class initialized using 'CodeIgniter\Session\Handlers\FileHandler' driver.
WARNING - 2024-01-14 08:08:04 --> [DEPRECATED] number_format(): Passing null to parameter #1 ($num) of type float is deprecated in APPPATH\Controllers\admin\Dashboard.php on line 101.
 1 APPPATH\Controllers\admin\Dashboard.php(101): number_format(null, 0, ',', '.')
 2 SYSTEMPATH\CodeIgniter.php(919): App\Controllers\Admin\Dashboard->index()
 3 SYSTEMPATH\CodeIgniter.php(494): CodeIgniter\CodeIgniter->runController(Object(App\Controllers\Admin\Dashboard))
 4 SYSTEMPATH\CodeIgniter.php(353): CodeIgniter\CodeIgniter->handleRequest(null, Object(Config\Cache), false)
 5 FCPATH\index.php(79): CodeIgniter\CodeIgniter->run()
 6 SYSTEMPATH\Commands\Server\rewrite.php(47): require_once('C:\\xampp\\htdocs\\dragon\\public\\index.php')
INFO - 2024-01-14 08:08:09 --> Session: Class initialized using 'CodeIgniter\Session\Handlers\FileHandler' driver.
INFO - 2024-01-14 08:08:12 --> Session: Class initialized using 'CodeIgniter\Session\Handlers\FileHandler' driver.
INFO - 2024-01-14 08:08:14 --> Session: Class initialized using 'CodeIgniter\Session\Handlers\FileHandler' driver.
INFO - 2024-01-14 08:08:39 --> Session: Class initialized using 'CodeIgniter\Session\Handlers\FileHandler' driver.
INFO - 2024-01-14 08:08:45 --> Session: Class initialized using 'CodeIgniter\Session\Handlers\FileHandler' driver.
INFO - 2024-01-14 08:08:47 --> Session: Class initialized using 'CodeIgniter\Session\Handlers\FileHandler' driver.
ERROR - 2024-01-14 08:09:24 --> Email: sendWithSmtp throwed ErrorException: fsockopen(): SSL: Handshake timed out in C:\xampp\htdocs\dragon\system\Email\Email.php:1883
Stack trace:
#0 [internal function]: CodeIgniter\Debug\Exceptions->errorHandler(2, 'fsockopen(): SS...', 'C:\\xampp\\htdocs...', 1883)
#1 C:\xampp\htdocs\dragon\system\Email\Email.php(1883): fsockopen('tls://smtp.host...', 465, NULL, NULL, 5)
#2 C:\xampp\htdocs\dragon\system\Email\Email.php(1796): CodeIgniter\Email\Email->SMTPConnect()
#3 C:\xampp\htdocs\dragon\system\Email\Email.php(1681): CodeIgniter\Email\Email->sendWithSmtp()
#4 C:\xampp\htdocs\dragon\system\Email\Email.php(1575): CodeIgniter\Email\Email->spoolEmail()
#5 C:\xampp\htdocs\dragon\app\Controllers\BaseController.php(130): CodeIgniter\Email\Email->send()
#6 C:\xampp\htdocs\dragon\app\Controllers\Home.php(188): App\Controllers\BaseController->sendEmail(Array)
#7 C:\xampp\htdocs\dragon\system\CodeIgniter.php(919): App\Controllers\Home->uploadData()
#8 C:\xampp\htdocs\dragon\system\CodeIgniter.php(494): CodeIgniter\CodeIgniter->runController(Object(App\Controllers\Home))
#9 C:\xampp\htdocs\dragon\system\CodeIgniter.php(353): CodeIgniter\CodeIgniter->handleRequest(NULL, Object(Config\Cache), false)
#10 C:\xampp\htdocs\dragon\public\index.php(79): CodeIgniter\CodeIgniter->run()
#11 C:\xampp\htdocs\dragon\system\Commands\Server\rewrite.php(47): require_once('C:\\xampp\\htdocs...')
#12 {main}
ERROR - 2024-01-14 08:09:24 --> Email: Unable to send email using SMTP. Your server might not be configured to send mail using this method.
ERROR - 2024-01-14 08:09:24 --> 
ERROR - 2024-01-14 08:09:49 --> Email: sendWithSmtp throwed ErrorException: fsockopen(): SSL: Handshake timed out in C:\xampp\htdocs\dragon\system\Email\Email.php:1883
Stack trace:
#0 [internal function]: CodeIgniter\Debug\Exceptions->errorHandler(2, 'fsockopen(): SS...', 'C:\\xampp\\htdocs...', 1883)
#1 C:\xampp\htdocs\dragon\system\Email\Email.php(1883): fsockopen('tls://smtp.host...', 465, NULL, NULL, 5)
#2 C:\xampp\htdocs\dragon\system\Email\Email.php(1796): CodeIgniter\Email\Email->SMTPConnect()
#3 C:\xampp\htdocs\dragon\system\Email\Email.php(1681): CodeIgniter\Email\Email->sendWithSmtp()
#4 C:\xampp\htdocs\dragon\system\Email\Email.php(1575): CodeIgniter\Email\Email->spoolEmail()
#5 C:\xampp\htdocs\dragon\app\Controllers\BaseController.php(130): CodeIgniter\Email\Email->send()
#6 C:\xampp\htdocs\dragon\app\Controllers\Home.php(188): App\Controllers\BaseController->sendEmail(Array)
#7 C:\xampp\htdocs\dragon\system\CodeIgniter.php(919): App\Controllers\Home->uploadData()
#8 C:\xampp\htdocs\dragon\system\CodeIgniter.php(494): CodeIgniter\CodeIgniter->runController(Object(App\Controllers\Home))
#9 C:\xampp\htdocs\dragon\system\CodeIgniter.php(353): CodeIgniter\CodeIgniter->handleRequest(NULL, Object(Config\Cache), false)
#10 C:\xampp\htdocs\dragon\public\index.php(79): CodeIgniter\CodeIgniter->run()
#11 C:\xampp\htdocs\dragon\system\Commands\Server\rewrite.php(47): require_once('C:\\xampp\\htdocs...')
#12 {main}
ERROR - 2024-01-14 08:09:49 --> Email: Unable to send email using SMTP. Your server might not be configured to send mail using this method.
ERROR - 2024-01-14 08:09:49 --> 
ERROR - 2024-01-14 08:13:36 --> Email: Unable to send email using SMTP. Your server might not be configured to send mail using this method.
ERROR - 2024-01-14 08:13:36 --> 
hello: 
The following SMTP error was encountered: 
